# JRE version: OpenJDK Runtime Environment (8.0_202-b03) (build 1.8.0_202-release-1483-b03)
# Java VM: OpenJDK 64-Bit Server VM (25.202-b03 mixed mode windows-amd64 compressed oops)
Heap:
 PSYoungGen      total 112640K, used 16706K [0x00000000e0000000, 0x00000000e9380000, 0x0000000100000000)
  eden space 101376K, 5% used [0x00000000e0000000,0x00000000e05531c8,0x00000000e6300000)
  from space 11264K, 99% used [0x00000000e7d80000,0x00000000e887d7c0,0x00000000e8880000)
  to   space 8192K, 0% used [0x00000000e8b80000,0x00000000e8b80000,0x00000000e9380000)
 ParOldGen       total 62464K, used 11676K [0x00000000a0000000, 0x00000000a3d00000, 0x00000000e0000000)
  object space 62464K, 18% used [0x00000000a0000000,0x00000000a0b673e8,0x00000000a3d00000)
 Metaspace       used 33976K, capacity 34588K, committed 34816K, reserved 1079296K
  class space    used 4662K, capacity 4823K, committed 4864K, reserved 1048576K
GC Heap History (10 events):
Event: 4.851 GC heap before
{Heap before GC invocations=4 (full 0):
 PSYoungGen      total 37888K, used 37883K [0x00000000e0000000, 0x00000000e4a00000, 0x0000000100000000)
  eden space 32768K, 100% used [0x00000000e0000000,0x00000000e2000000,0x00000000e2000000)
  from space 5120K, 99% used [0x00000000e2000000,0x00000000e24feeb8,0x00000000e2500000)
  to   space 5120K, 0% used [0x00000000e4500000,0x00000000e4500000,0x00000000e4a00000)
 ParOldGen       total 86016K, used 1685K [0x00000000a0000000, 0x00000000a5400000, 0x00000000e0000000)
  object space 86016K, 1% used [0x00000000a0000000,0x00000000a01a5610,0x00000000a5400000)
 Metaspace       used 15888K, capacity 16340K, committed 16512K, reserved 1062912K
  class space    used 2259K, capacity 2418K, committed 2432K, reserved 1048576K
Event: 4.911 GC heap after
Heap after GC invocations=4 (full 0):
 PSYoungGen      total 70656K, used 5104K [0x00000000e0000000, 0x00000000e4a00000, 0x0000000100000000)
  eden space 65536K, 0% used [0x00000000e0000000,0x00000000e0000000,0x00000000e4000000)
  from space 5120K, 99% used [0x00000000e4500000,0x00000000e49fc010,0x00000000e4a00000)
  to   space 5120K, 0% used [0x00000000e4000000,0x00000000e4000000,0x00000000e4500000)
 ParOldGen       total 86016K, used 4587K [0x00000000a0000000, 0x00000000a5400000, 0x00000000e0000000)
  object space 86016K, 5% used [0x00000000a0000000,0x00000000a047aef8,0x00000000a5400000)
 Metaspace       used 15888K, capacity 16340K, committed 16512K, reserved 1062912K
  class space    used 2259K, capacity 2418K, committed 2432K, reserved 1048576K
}
Event: 5.974 GC heap before
{Heap before GC invocations=5 (full 0):
 PSYoungGen      total 70656K, used 51206K [0x00000000e0000000, 0x00000000e4a00000, 0x0000000100000000)
  eden space 65536K, 70% used [0x00000000e0000000,0x00000000e2d05a18,0x00000000e4000000)
  from space 5120K, 99% used [0x00000000e4500000,0x00000000e49fc010,0x00000000e4a00000)
  to   space 5120K, 0% used [0x00000000e4000000,0x00000000e4000000,0x00000000e4500000)
 ParOldGen       total 86016K, used 4587K [0x00000000a0000000, 0x00000000a5400000, 0x00000000e0000000)
  object space 86016K, 5% used [0x00000000a0000000,0x00000000a047aef8,0x00000000a5400000)
 Metaspace       used 20730K, capacity 21120K, committed 21248K, reserved 1067008K
  class space    used 2917K, capacity 3066K, committed 3072K, reserved 1048576K
Event: 5.989 GC heap after
Heap after GC invocations=5 (full 0):
 PSYoungGen      total 70656K, used 5107K [0x00000000e0000000, 0x00000000e9700000, 0x0000000100000000)
  eden space 65536K, 0% used [0x00000000e0000000,0x00000000e0000000,0x00000000e4000000)
  from space 5120K, 99% used [0x00000000e4000000,0x00000000e44fcd98,0x00000000e4500000)
  to   space 11776K, 0% used [0x00000000e8b80000,0x00000000e8b80000,0x00000000e9700000)
 ParOldGen       total 86016K, used 10050K [0x00000000a0000000, 0x00000000a5400000, 0x00000000e0000000)
  object space 86016K, 11% used [0x00000000a0000000,0x00000000a09d0a50,0x00000000a5400000)
 Metaspace       used 20730K, capacity 21120K, committed 21248K, reserved 1067008K
  class space    used 2917K, capacity 3066K, committed 3072K, reserved 1048576K
}
Event: 5.989 GC heap before
{Heap before GC invocations=6 (full 1):
 PSYoungGen      total 70656K, used 5107K [0x00000000e0000000, 0x00000000e9700000, 0x0000000100000000)
  eden space 65536K, 0% used [0x00000000e0000000,0x00000000e0000000,0x00000000e4000000)
  from space 5120K, 99% used [0x00000000e4000000,0x00000000e44fcd98,0x00000000e4500000)
  to   space 11776K, 0% used [0x00000000e8b80000,0x00000000e8b80000,0x00000000e9700000)
 ParOldGen       total 86016K, used 10050K [0x00000000a0000000, 0x00000000a5400000, 0x00000000e0000000)
  object space 86016K, 11% used [0x00000000a0000000,0x00000000a09d0a50,0x00000000a5400000)
 Metaspace       used 20730K, capacity 21120K, committed 21248K, reserved 1067008K
  class space    used 2917K, capacity 3066K, committed 3072K, reserved 1048576K
Event: 6.074 GC heap after
Heap after GC invocations=6 (full 1):
 PSYoungGen      total 70656K, used 0K [0x00000000e0000000, 0x00000000e9700000, 0x0000000100000000)
  eden space 65536K, 0% used [0x00000000e0000000,0x00000000e0000000,0x00000000e4000000)
  from space 5120K, 0% used [0x00000000e4000000,0x00000000e4000000,0x00000000e4500000)
  to   space 11776K, 0% used [0x00000000e8b80000,0x00000000e8b80000,0x00000000e9700000)
 ParOldGen       total 62464K, used 10531K [0x00000000a0000000, 0x00000000a3d00000, 0x00000000e0000000)
  object space 62464K, 16% used [0x00000000a0000000,0x00000000a0a48d08,0x00000000a3d00000)
 Metaspace       used 20730K, capacity 21120K, committed 21248K, reserved 1067008K
  class space    used 2917K, capacity 3066K, committed 3072K, reserved 1048576K
}
Event: 9.201 GC heap before
{Heap before GC invocations=7 (full 1):
 PSYoungGen      total 70656K, used 65536K [0x00000000e0000000, 0x00000000e9700000, 0x0000000100000000)
  eden space 65536K, 100% used [0x00000000e0000000,0x00000000e4000000,0x00000000e4000000)
  from space 5120K, 0% used [0x00000000e4000000,0x00000000e4000000,0x00000000e4500000)
  to   space 11776K, 0% used [0x00000000e8b80000,0x00000000e8b80000,0x00000000e9700000)
 ParOldGen       total 62464K, used 10531K [0x00000000a0000000, 0x00000000a3d00000, 0x00000000e0000000)
  object space 62464K, 16% used [0x00000000a0000000,0x00000000a0a48d08,0x00000000a3d00000)
 Metaspace       used 28660K, capacity 29120K, committed 29440K, reserved 1075200K
  class space    used 3858K, capacity 4015K, committed 4096K, reserved 1048576K
Event: 9.211 GC heap after
Heap after GC invocations=7 (full 1):
 PSYoungGen      total 109568K, used 7731K [0x00000000e0000000, 0x00000000e9380000, 0x0000000100000000)
  eden space 101376K, 0% used [0x00000000e0000000,0x00000000e0000000,0x00000000e6300000)
  from space 8192K, 94% used [0x00000000e8b80000,0x00000000e930cdf8,0x00000000e9380000)
  to   space 11264K, 0% used [0x00000000e7d80000,0x00000000e7d80000,0x00000000e8880000)
 ParOldGen       total 62464K, used 10539K [0x00000000a0000000, 0x00000000a3d00000, 0x00000000e0000000)
  object space 62464K, 16% used [0x00000000a0000000,0x00000000a0a4ad08,0x00000000a3d00000)
 Metaspace       used 28660K, capacity 29120K, committed 29440K, reserved 1075200K
  class space    used 3858K, capacity 4015K, committed 4096K, reserved 1048576K
}
Event: 19.231 GC heap before
{Heap before GC invocations=8 (full 1):
 PSYoungGen      total 109568K, used 109107K [0x00000000e0000000, 0x00000000e9380000, 0x0000000100000000)
  eden space 101376K, 100% used [0x00000000e0000000,0x00000000e6300000,0x00000000e6300000)
  from space 8192K, 94% used [0x00000000e8b80000,0x00000000e930cdf8,0x00000000e9380000)
  to   space 11264K, 0% used [0x00000000e7d80000,0x00000000e7d80000,0x00000000e8880000)
 ParOldGen       total 62464K, used 10539K [0x00000000a0000000, 0x00000000a3d00000, 0x00000000e0000000)
  object space 62464K, 16% used [0x00000000a0000000,0x00000000a0a4ad08,0x00000000a3d00000)
 Metaspace       used 33891K, capacity 34512K, committed 34816K, reserved 1079296K
  class space    used 4653K, capacity 4819K, committed 4864K, reserved 1048576K
Event: 19.246 GC heap after
Heap after GC invocations=8 (full 1):
 PSYoungGen      total 112640K, used 11253K [0x00000000e0000000, 0x00000000e9380000, 0x0000000100000000)
  eden space 101376K, 0% used [0x00000000e0000000,0x00000000e0000000,0x00000000e6300000)
  from space 11264K, 99% used [0x00000000e7d80000,0x00000000e887d7c0,0x00000000e8880000)
  to   space 8192K, 0% used [0x00000000e8b80000,0x00000000e8b80000,0x00000000e9380000)
 ParOldGen       total 62464K, used 11676K [0x00000000a0000000, 0x00000000a3d00000, 0x00000000e0000000)
  object space 62464K, 18% used [0x00000000a0000000,0x00000000a0b673e8,0x00000000a3d00000)
 Metaspace       used 33891K, capacity 34512K, committed 34816K, reserved 1079296K
  class space    used 4653K, capacity 4819K, committed 4864K, reserved 1048576K
}

